<?xml version="1.0" encoding="UTF-8"?>
<Site BuildName="Linux-c++"
	BuildStamp="20260504-0246-Experimental"
	Name="indie3"
	Generator="ctest-3.28.3"
	CompilerName="/usr/bin/c++"
	CompilerVersion="13.3.0"
	OSName="Linux"
	Hostname="indie3"
	OSRelease="6.17.0-22-generic"
	OSVersion="#22~24.04.1-Ubuntu SMP PREEMPT_DYNAMIC Thu Mar 26 15:25:54 UTC 2"
	OSPlatform="x86_64"
	Is64Bits="1"
	VendorString="GenuineIntel"
	VendorID="Intel Corporation"
	FamilyID="6"
	ModelID="158"
	ProcessorCacheSize="12288"
	NumberOfLogicalCPU="8"
	NumberOfPhysicalCPU="8"
	TotalVirtualMemory="4095"
	TotalPhysicalMemory="15921"
	LogicalProcessorsPerPhysical="1"
	ProcessorClockFrequency="2210.44"
	>
	<Testing>
		<StartDateTime>May 04 20:34 UTC</StartDateTime>
		<StartTestTime>1777926840</StartTestTime>
		<TestList/>
		<EndDateTime>May 04 20:34 UTC</EndDateTime>
		<EndTestTime>1777926840</EndTestTime>
		<ElapsedMinutes>0</ElapsedMinutes>
	</Testing>
</Site>
