<?xml version="1.0" encoding="UTF-8"?>
<Site BuildName="Linux-c++"
	BuildStamp="20260422-1412-Experimental"
	Name="indie3"
	Generator="ctest-3.28.3"
	CompilerName="/usr/bin/c++"
	CompilerVersion="13.3.0"
	OSName="Linux"
	Hostname="indie3"
	OSRelease="6.17.0-19-generic"
	OSVersion="#19~24.04.2-Ubuntu SMP PREEMPT_DYNAMIC Fri Mar  6 23:08:46 UTC 2"
	OSPlatform="x86_64"
	Is64Bits="1"
	VendorString="GenuineIntel"
	VendorID="Intel Corporation"
	FamilyID="6"
	ModelID="158"
	ProcessorCacheSize="12288"
	NumberOfLogicalCPU="8"
	NumberOfPhysicalCPU="8"
	TotalVirtualMemory="4095"
	TotalPhysicalMemory="15921"
	LogicalProcessorsPerPhysical="1"
	ProcessorClockFrequency="4600.3"
	>
	<Testing>
		<StartDateTime>Apr 22 18:51 UTC</StartDateTime>
		<StartTestTime>1776883878</StartTestTime>
		<TestList/>
		<EndDateTime>Apr 22 18:51 UTC</EndDateTime>
		<EndTestTime>1776883878</EndTestTime>
		<ElapsedMinutes>0</ElapsedMinutes>
	</Testing>
</Site>
